[2026-01-20T13:51:20+08:00][error] [0]语法错误: unexpected end of file, expecting function (T_FUNCTION) or const (T_CONST)
[2026-01-20T13:51:26+08:00][error] [0]语法错误: unexpected end of file, expecting function (T_FUNCTION) or const (T_CONST)
[2026-01-20T13:51:53+08:00][error] [0]语法错误: unexpected end of file, expecting function (T_FUNCTION) or const (T_CONST)
[2026-01-20T13:51:54+08:00][error] [0]语法错误: unexpected end of file, expecting function (T_FUNCTION) or const (T_CONST)
[2026-01-20T13:52:21+08:00][error] [0]语法错误: unexpected end of file, expecting function (T_FUNCTION) or const (T_CONST)
[2026-01-20T13:52:28+08:00][error] [0]语法错误: unexpected end of file, expecting function (T_FUNCTION) or const (T_CONST)
[2026-01-20T13:52:29+08:00][error] [0]语法错误: unexpected end of file, expecting function (T_FUNCTION) or const (T_CONST)
[2026-01-20T13:52:38+08:00][error] [0]语法错误: unexpected end of file, expecting function (T_FUNCTION) or const (T_CONST)
[2026-01-20T13:52:39+08:00][error] [0]语法错误: unexpected end of file, expecting function (T_FUNCTION) or const (T_CONST)
[2026-01-20T13:54:32+08:00][error] [0]语法错误: unexpected end of file, expecting function (T_FUNCTION) or const (T_CONST)
[2026-01-20T13:54:33+08:00][error] [0]语法错误: unexpected end of file, expecting function (T_FUNCTION) or const (T_CONST)
[2026-01-20T13:58:06+08:00][error] [0]语法错误: unexpected end of file, expecting function (T_FUNCTION) or const (T_CONST)
[2026-01-20T13:58:07+08:00][error] [0]语法错误: unexpected end of file, expecting function (T_FUNCTION) or const (T_CONST)
[2026-01-20T13:59:37+08:00][error] [0]语法错误: unexpected end of file, expecting function (T_FUNCTION) or const (T_CONST)
[2026-01-20T13:59:38+08:00][error] [0]语法错误: unexpected end of file, expecting function (T_FUNCTION) or const (T_CONST)
[2026-01-20T14:00:00+08:00][error] [0]语法错误: unexpected end of file, expecting function (T_FUNCTION) or const (T_CONST)
[2026-01-20T14:00:01+08:00][error] [0]语法错误: unexpected end of file, expecting function (T_FUNCTION) or const (T_CONST)
[2026-01-20T14:00:01+08:00][error] [0]语法错误: unexpected end of file, expecting function (T_FUNCTION) or const (T_CONST)
[2026-01-20T14:00:01+08:00][error] [0]语法错误: unexpected end of file, expecting function (T_FUNCTION) or const (T_CONST)
[2026-01-20T14:00:02+08:00][error] [0]语法错误: unexpected end of file, expecting function (T_FUNCTION) or const (T_CONST)
[2026-01-20T14:00:02+08:00][error] [0]语法错误: unexpected end of file, expecting function (T_FUNCTION) or const (T_CONST)
[2026-01-20T14:00:02+08:00][error] [0]语法错误: unexpected end of file, expecting function (T_FUNCTION) or const (T_CONST)
[2026-01-20T14:00:03+08:00][error] [0]语法错误: unexpected end of file, expecting function (T_FUNCTION) or const (T_CONST)
[2026-01-20T14:00:05+08:00][error] [0]语法错误: unexpected end of file, expecting function (T_FUNCTION) or const (T_CONST)
[2026-01-20T14:00:45+08:00][error] [0]语法错误: unexpected end of file, expecting function (T_FUNCTION) or const (T_CONST)
[2026-01-20T14:00:46+08:00][error] [0]语法错误: unexpected end of file, expecting function (T_FUNCTION) or const (T_CONST)
[2026-01-20T14:04:25+08:00][error] [0]语法错误: unexpected end of file, expecting function (T_FUNCTION) or const (T_CONST)
[2026-01-20T14:04:26+08:00][error] [0]语法错误: unexpected end of file, expecting function (T_FUNCTION) or const (T_CONST)
[2026-01-20T14:04:30+08:00][error] [0]语法错误: unexpected end of file, expecting function (T_FUNCTION) or const (T_CONST)
[2026-01-20T14:04:32+08:00][error] [0]语法错误: unexpected end of file, expecting function (T_FUNCTION) or const (T_CONST)
[2026-01-20T14:04:52+08:00][error] [0]语法错误: unexpected end of file, expecting function (T_FUNCTION) or const (T_CONST)
[2026-01-20T14:04:56+08:00][error] [0]语法错误: unexpected end of file, expecting function (T_FUNCTION) or const (T_CONST)
[2026-01-20T14:08:05+08:00][error] [0]语法错误: unexpected end of file, expecting function (T_FUNCTION) or const (T_CONST)
[2026-01-20T14:08:06+08:00][error] [0]语法错误: unexpected end of file, expecting function (T_FUNCTION) or const (T_CONST)
[2026-01-20T14:08:07+08:00][error] [0]语法错误: unexpected end of file, expecting function (T_FUNCTION) or const (T_CONST)
[2026-01-20T14:08:08+08:00][error] [0]语法错误: unexpected end of file, expecting function (T_FUNCTION) or const (T_CONST)
[2026-01-20T14:08:09+08:00][error] [0]语法错误: unexpected end of file, expecting function (T_FUNCTION) or const (T_CONST)
[2026-01-20T14:08:09+08:00][error] [0]语法错误: unexpected end of file, expecting function (T_FUNCTION) or const (T_CONST)
[2026-01-20T14:08:09+08:00][error] [0]语法错误: unexpected end of file, expecting function (T_FUNCTION) or const (T_CONST)
[2026-01-20T14:08:12+08:00][error] [0]语法错误: unexpected end of file, expecting function (T_FUNCTION) or const (T_CONST)
[2026-01-20T14:08:14+08:00][error] [0]语法错误: unexpected end of file, expecting function (T_FUNCTION) or const (T_CONST)
[2026-01-20T14:08:18+08:00][error] [0]语法错误: unexpected end of file, expecting function (T_FUNCTION) or const (T_CONST)
[2026-01-20T14:08:54+08:00][error] [0]语法错误: unexpected end of file, expecting function (T_FUNCTION) or const (T_CONST)
[2026-01-20T14:10:02+08:00][error] [0]语法错误: unexpected end of file, expecting function (T_FUNCTION) or const (T_CONST)
[2026-01-20T14:13:12+08:00][error] [0]语法错误: unexpected end of file, expecting function (T_FUNCTION) or const (T_CONST)
[2026-01-20T14:13:15+08:00][error] [0]语法错误: unexpected end of file, expecting function (T_FUNCTION) or const (T_CONST)
[2026-01-20T14:13:42+08:00][error] [0]语法错误: unexpected end of file, expecting function (T_FUNCTION) or const (T_CONST)
[2026-01-20T14:13:53+08:00][error] [0]语法错误: unexpected end of file, expecting function (T_FUNCTION) or const (T_CONST)
[2026-01-20T14:14:53+08:00][error] [0]语法错误: unexpected end of file, expecting function (T_FUNCTION) or const (T_CONST)
[2026-01-20T14:14:54+08:00][error] [0]语法错误: unexpected end of file, expecting function (T_FUNCTION) or const (T_CONST)
[2026-01-20T14:19:01+08:00][error] [0]语法错误: unexpected end of file, expecting function (T_FUNCTION) or const (T_CONST)
[2026-01-20T14:19:05+08:00][error] [0]语法错误: unexpected end of file, expecting function (T_FUNCTION) or const (T_CONST)
[2026-01-20T14:19:37+08:00][error] [0]语法错误: unexpected end of file, expecting function (T_FUNCTION) or const (T_CONST)
[2026-01-20T14:25:49+08:00][error] [8]Trying to access array offset on value of type null
[2026-01-20T14:25:51+08:00][error] [8]未定义数组索引: field_list
[2026-01-20T14:25:54+08:00][error] [8]未定义变量: member
[2026-01-20T14:25:55+08:00][error] [8]Trying to access array offset on value of type null
[2026-01-20T14:25:57+08:00][error] [0]语法错误: unexpected end of file, expecting function (T_FUNCTION) or const (T_CONST)
[2026-01-20T14:25:58+08:00][error] [8]Trying to access array offset on value of type null
[2026-01-20T14:26:08+08:00][error] [8]未定义数组索引: field_list
[2026-01-20T14:26:09+08:00][error] [8]Trying to access array offset on value of type null
[2026-01-20T14:26:10+08:00][error] [8]未定义数组索引: field_list
[2026-01-20T14:26:12+08:00][error] [8]未定义数组索引: child
[2026-01-20T14:26:13+08:00][error] [8]未定义数组索引: child
[2026-01-20T14:26:43+08:00][error] [8]未定义数组索引: child
[2026-01-20T14:27:14+08:00][error] [0]语法错误: unexpected end of file, expecting function (T_FUNCTION) or const (T_CONST)
[2026-01-20T14:27:49+08:00][error] [0]语法错误: unexpected end of file, expecting function (T_FUNCTION) or const (T_CONST)
[2026-01-20T14:28:30+08:00][error] [0]语法错误: unexpected end of file, expecting function (T_FUNCTION) or const (T_CONST)
[2026-01-20T14:28:35+08:00][error] [0]语法错误: unexpected end of file, expecting function (T_FUNCTION) or const (T_CONST)
[2026-01-20T14:37:29+08:00][error] [0]语法错误: unexpected end of file, expecting function (T_FUNCTION) or const (T_CONST)
[2026-01-20T14:43:41+08:00][error] [0]语法错误: unexpected end of file, expecting function (T_FUNCTION) or const (T_CONST)
[2026-01-20T15:09:08+08:00][error] [0]语法错误: unexpected end of file, expecting function (T_FUNCTION) or const (T_CONST)
[2026-01-20T15:14:10+08:00][error] [0]语法错误: unexpected end of file, expecting function (T_FUNCTION) or const (T_CONST)
[2026-01-20T15:14:41+08:00][error] [0]语法错误: unexpected end of file, expecting function (T_FUNCTION) or const (T_CONST)
[2026-01-20T15:14:45+08:00][error] [0]语法错误: unexpected end of file, expecting function (T_FUNCTION) or const (T_CONST)
[2026-01-20T15:14:46+08:00][error] [0]语法错误: unexpected end of file, expecting function (T_FUNCTION) or const (T_CONST)
[2026-01-20T15:14:48+08:00][error] [0]语法错误: unexpected end of file, expecting function (T_FUNCTION) or const (T_CONST)
[2026-01-20T15:14:54+08:00][error] [0]语法错误: unexpected end of file, expecting function (T_FUNCTION) or const (T_CONST)
[2026-01-20T15:17:28+08:00][error] [0]语法错误: unexpected end of file, expecting function (T_FUNCTION) or const (T_CONST)
[2026-01-20T15:17:29+08:00][error] [0]语法错误: unexpected end of file, expecting function (T_FUNCTION) or const (T_CONST)
[2026-01-20T15:17:29+08:00][error] [0]语法错误: unexpected end of file, expecting function (T_FUNCTION) or const (T_CONST)
[2026-01-20T15:17:30+08:00][error] [0]语法错误: unexpected end of file, expecting function (T_FUNCTION) or const (T_CONST)
[2026-01-20T15:17:34+08:00][error] [0]语法错误: unexpected end of file, expecting function (T_FUNCTION) or const (T_CONST)
[2026-01-20T15:17:35+08:00][error] [0]语法错误: unexpected end of file, expecting function (T_FUNCTION) or const (T_CONST)
[2026-01-20T15:18:43+08:00][error] [0]语法错误: unexpected end of file, expecting function (T_FUNCTION) or const (T_CONST)
[2026-01-20T15:18:43+08:00][error] [0]语法错误: unexpected end of file, expecting function (T_FUNCTION) or const (T_CONST)
[2026-01-20T15:18:44+08:00][error] [0]语法错误: unexpected end of file, expecting function (T_FUNCTION) or const (T_CONST)
[2026-01-20T15:18:44+08:00][error] [0]语法错误: unexpected end of file, expecting function (T_FUNCTION) or const (T_CONST)
[2026-01-20T15:18:44+08:00][error] [0]语法错误: unexpected end of file, expecting function (T_FUNCTION) or const (T_CONST)
[2026-01-20T15:18:45+08:00][error] [0]语法错误: unexpected end of file, expecting function (T_FUNCTION) or const (T_CONST)
